
Training options:
{
  "G_args": {
    "func_name": "training.networks_3d.G_main",
    "fmap_base": 4096,
    "fmap_max": 128,
    "mapping_layers": 8,
    "num_fp16_res": 4,
    "conv_clamp": 256,
    "fmap_min": 8,
    "fmap_decay": 2.0,
    "base_dim": [
      5,
      6,
      7
    ]
  },
  "D_args": {
    "func_name": "training.networks_3d.D_main",
    "mbstd_group_size": 2,
    "fmap_base": 4096,
    "fmap_max": 128,
    "num_fp16_res": 4,
    "conv_clamp": 256,
    "fmap_min": 8,
    "fmap_decay": 2.0,
    "base_dim": [
      5,
      6,
      7
    ]
  },
  "G_opt_args": {
    "beta1": 0.0,
    "beta2": 0.99,
    "learning_rate": 0.002
  },
  "D_opt_args": {
    "beta1": 0.0,
    "beta2": 0.99,
    "learning_rate": 0.002
  },
  "loss_args": {
    "func_name": "training.loss_3d.stylegan2",
    "r1_gamma": 0
  },
  "augment_args": {
    "class_name": "training.augment_3d.AdaptiveAugment"
  },
  "num_gpus": 4,
  "image_snapshot_ticks": 1,
  "network_snapshot_ticks": 1,
  "train_dataset_args": {
    "path": "/data/vision/polina/users/razvan/sungmin/stylegan2/sbatch/script_real_data/TFRecords/TFRecords_Float32_Shuffle0",
    "max_label_size": 0,
    "resolution": 224,
    "mirror_augment": false
  },
  "metric_arg_list": [
    {
      "name": "fid50k_3d",
      "class_name": "metrics_3d.frechet_inception_distance_legacy.FID",
      "num_images": 5000,
      "minibatch_per_gpu": 8,
      "force_dataset_args": {
        "shuffle": false,
        "max_images": null,
        "repeat": false,
        "mirror_augment": false
      }
    }
  ],
  "metric_dataset_args": {
    "path": "/data/vision/polina/users/razvan/sungmin/stylegan2/sbatch/script_real_data/TFRecords/TFRecords_Float32_Shuffle0",
    "max_label_size": 0,
    "resolution": 224,
    "mirror_augment": false
  },
  "total_kimg": 6000,
  "minibatch_size": 8,
  "minibatch_gpu": 2,
  "G_smoothing_kimg": 10,
  "G_smoothing_rampup": null,
  "run_dir": "results/noaug_ada_3d_curated_real-Gskip-Dskip/00035-TFRecords_Float32_Shuffle0-stylegan2-3d-anisobase-kimg6000-noaug"
}

Output directory:  results/noaug_ada_3d_curated_real-Gskip-Dskip/00035-TFRecords_Float32_Shuffle0-stylegan2-3d-anisobase-kimg6000-noaug
Training data:     /data/vision/polina/users/razvan/sungmin/stylegan2/sbatch/script_real_data/TFRecords/TFRecords_Float32_Shuffle0
Training length:   6000 kimg
Resolution:        224
Number of GPUs:    4

Creating output directory...
Loading training set...
Image shape: [1, 160, 192, 224]
Label shape: [0]
training_set.shape 
[1, 160, 192, 224]
training_set.base_dim
[5, 6, 7]
Constructing networks...
===========================================
G_synthesis
resolution : 
128
===========================================
Setting up TensorFlow plugin "fused_bias_act.cu": Loading... Done.
===========================================
G_synthesis
resolution : 
128
===========================================

G                                 Params   OutputShape            WeightShape        
---                               ---      ---                    ---                
latents_in                        -        (?, 128)               -                  
labels_in                         -        (?, 0)                 -                  
G_mapping/Normalize               -        (?, 128)               -                  
G_mapping/Dense0                  16512    (?, 128)               (128, 128)         
G_mapping/Dense1                  16512    (?, 128)               (128, 128)         
G_mapping/Dense2                  16512    (?, 128)               (128, 128)         
G_mapping/Dense3                  16512    (?, 128)               (128, 128)         
G_mapping/Dense4                  16512    (?, 128)               (128, 128)         
G_mapping/Dense5                  16512    (?, 128)               (128, 128)         
G_mapping/Dense6                  16512    (?, 128)               (128, 128)         
G_mapping/Dense7                  16512    (?, 128)               (128, 128)         
G_mapping/Broadcast               -        (?, 12, 128)           -                  
dlatent_avg                       -        (128,)                 -                  
Truncation/Lerp                   -        (?, 12, 128)           -                  
G_synthesis/5x6x7/Const           26880    (?, 128, 5, 6, 7)      (1, 128, 5, 6, 7)  
G_synthesis/5x6x7/Conv            459009   (?, 128, 5, 6, 7)      (3, 3, 3, 128, 128)
G_synthesis/5x6x7/ToRGB           16641    (?, 1, 5, 6, 7)        (1, 1, 1, 128, 1)  
G_synthesis/10x12x14/Conv0_up     459009   (?, 128, 10, 12, 14)   (3, 3, 3, 128, 128)
G_synthesis/10x12x14/Conv1        459009   (?, 128, 10, 12, 14)   (3, 3, 3, 128, 128)
G_synthesis/10x12x14/Upsample     -        (?, 1, 10, 12, 14)     -                  
G_synthesis/10x12x14/ToRGB        16641    (?, 1, 10, 12, 14)     (1, 1, 1, 128, 1)  
G_synthesis/20x24x28/Conv0_up     237761   (?, 64, 20, 24, 28)    (3, 3, 3, 128, 64) 
G_synthesis/20x24x28/Conv1        118913   (?, 64, 20, 24, 28)    (3, 3, 3, 64, 64)  
G_synthesis/20x24x28/Upsample     -        (?, 1, 20, 24, 28)     -                  
G_synthesis/20x24x28/ToRGB        8321     (?, 1, 20, 24, 28)     (1, 1, 1, 64, 1)   
G_synthesis/40x48x56/Conv0_up     35921    (?, 16, 40, 48, 56)    (3, 3, 3, 64, 16)  
G_synthesis/40x48x56/Conv1        8993     (?, 16, 40, 48, 56)    (3, 3, 3, 16, 16)  
G_synthesis/40x48x56/Upsample     -        (?, 1, 40, 48, 56)     -                  
G_synthesis/40x48x56/ToRGB        2081     (?, 1, 40, 48, 56)     (1, 1, 1, 16, 1)   
G_synthesis/80x96x112/Conv0_up    5529     (?, 8, 80, 96, 112)    (3, 3, 3, 16, 8)   
G_synthesis/80x96x112/Conv1       2769     (?, 8, 80, 96, 112)    (3, 3, 3, 8, 8)    
G_synthesis/80x96x112/Upsample    -        (?, 1, 80, 96, 112)    -                  
G_synthesis/80x96x112/ToRGB       1041     (?, 1, 80, 96, 112)    (1, 1, 1, 8, 1)    
G_synthesis/160x192x224/Conv0_up  2769     (?, 8, 160, 192, 224)  (3, 3, 3, 8, 8)    
G_synthesis/160x192x224/Conv1     2769     (?, 8, 160, 192, 224)  (3, 3, 3, 8, 8)    
G_synthesis/160x192x224/Upsample  -        (?, 1, 160, 192, 224)  -                  
G_synthesis/160x192x224/ToRGB     1041     (?, 1, 160, 192, 224)  (1, 1, 1, 8, 1)    
---                               ---      ---                    ---                
Total                             1997193                                            

===========================================
D_main
resolution : 
128
===========================================

D                       Params   OutputShape            WeightShape        
---                     ---      ---                    ---                
images_in               -        (?, 1, 160, 192, 224)  -                  
labels_in               -        (?, 0)                 -                  
160x192x224/FromRGB     16       (?, 8, 160, 192, 224)  (1, 1, 1, 1, 8)    
160x192x224/Conv0       1736     (?, 8, 160, 192, 224)  (3, 3, 3, 8, 8)    
160x192x224/Conv1_down  1736     (?, 8, 80, 96, 112)    (3, 3, 3, 8, 8)    
160x192x224/Skip        64       (?, 8, 80, 96, 112)    (1, 1, 1, 8, 8)    
80x96x112/Conv0         1736     (?, 8, 80, 96, 112)    (3, 3, 3, 8, 8)    
80x96x112/Conv1_down    3472     (?, 16, 40, 48, 56)    (3, 3, 3, 8, 16)   
80x96x112/Skip          128      (?, 16, 40, 48, 56)    (1, 1, 1, 8, 16)   
40x48x56/Conv0          6928     (?, 16, 40, 48, 56)    (3, 3, 3, 16, 16)  
40x48x56/Conv1_down     27712    (?, 64, 20, 24, 28)    (3, 3, 3, 16, 64)  
40x48x56/Skip           1024     (?, 64, 20, 24, 28)    (1, 1, 1, 16, 64)  
20x24x28/Conv0          110656   (?, 64, 20, 24, 28)    (3, 3, 3, 64, 64)  
20x24x28/Conv1_down     221312   (?, 128, 10, 12, 14)   (3, 3, 3, 64, 128) 
20x24x28/Skip           8192     (?, 128, 10, 12, 14)   (1, 1, 1, 64, 128) 
10x12x14/Conv0          442496   (?, 128, 10, 12, 14)   (3, 3, 3, 128, 128)
10x12x14/Conv1_down     442496   (?, 128, 5, 6, 7)      (3, 3, 3, 128, 128)
10x12x14/Skip           16384    (?, 128, 5, 6, 7)      (1, 1, 1, 128, 128)
5x6x7/MinibatchStddev   -        (?, 129, 5, 6, 7)      -                  
5x6x7/Conv              445952   (?, 128, 5, 6, 7)      (3, 3, 3, 129, 128)
5x6x7/Dense0            3440768  (?, 128)               (26880, 128)       
Output                  129      (?, 1)                 (128, 1)           
---                     ---      ---                    ---                
Total                   5172937                                            

Exporting sample images...
Initialize data arrays
Random LayOut
2021-02-15 17:24:06.429772: W tensorflow/compiler/jit/mark_for_compilation_pass.cc:1412] (One-time warning): Not using XLA:CPU for cluster because envvar TF_XLA_FLAGS=--tf_xla_cpu_global_jit was not set.  If you want XLA:CPU, either set that envvar, or use experimental_jit_scope to enable XLA:CPU.  To confirm that XLA is active, pass --vmodule=xla_compilation_cache=1 (as a proper command-line flag, not via TF_XLA_FLAGS) or set the envvar XLA_FLAGS=--xla_hlo_profile.
Class Conditional LayOut
=====================================
 save_image_grid 
images.shape
(60, 1, 160, 192)
images range
0.0
0.8666667
0.15796523
=====================================
===========================================
G_synthesis
resolution : 
128
===========================================
===========================================
G_synthesis
resolution : 
128
===========================================
===========================================
G_synthesis
resolution : 
128
===========================================
=====================================
 save_image_grid 
images.shape
(60, 1, 160, 192, 224)
========================================
create_3d_image_grid: grid_size
========================================
(10, 6)
========================================
create_3d_image_grid: grid_w
========================================
10
========================================
create_3d_image_grid: grid_h
========================================
6
========================================
create_3d_image_grid: image.shape
========================================
(60, 1, 160, 192, 224)
===============================
image.ndim
===============================
2
===============================
image.shape
===============================
(1152, 2240)
===============================
img_d
===============================
160
Replicating networks across 4 GPUs...
Initializing augmentations...
Setting up optimizers...
Constructing training graph...
===========================================
G_synthesis
resolution : 
128
===========================================
===========================================
D_main
resolution : 
128
===========================================
===========================================
D_main
resolution : 
128
===========================================
===========================================
G_synthesis
resolution : 
128
===========================================
===========================================
G_synthesis
resolution : 
128
===========================================
===========================================
G_synthesis
resolution : 
128
===========================================
===========================================
G_synthesis
resolution : 
128
===========================================
===========================================
D_main
resolution : 
128
===========================================
===========================================
D_main
resolution : 
128
===========================================
===========================================
D_main
resolution : 
128
===========================================
===========================================
G_synthesis
resolution : 
128
===========================================
===========================================
G_synthesis
resolution : 
128
===========================================
===========================================
G_synthesis
resolution : 
128
===========================================
===========================================
G_synthesis
resolution : 
128
===========================================
===========================================
D_main
resolution : 
128
===========================================
===========================================
D_main
resolution : 
128
===========================================
===========================================
D_main
resolution : 
128
===========================================
===========================================
G_synthesis
resolution : 
128
===========================================
===========================================
G_synthesis
resolution : 
128
===========================================
===========================================
G_synthesis
resolution : 
128
===========================================
===========================================
G_synthesis
resolution : 
128
===========================================
===========================================
D_main
resolution : 
128
===========================================
===========================================
D_main
resolution : 
128
===========================================
===========================================
D_main
resolution : 
128
===========================================
===========================================
G_synthesis
resolution : 
128
===========================================
Finalizing training ops...
Initializing metrics...
Training for 6000 kimg...

/usr/bin/nvidia-modprobe: unrecognized option: "-s"

ERROR: Invalid commandline, please run `/usr/bin/nvidia-modprobe --help` for usage information.


/usr/bin/nvidia-modprobe: unrecognized option: "-s"

ERROR: Invalid commandline, please run `/usr/bin/nvidia-modprobe --help` for usage information.


tick 0     kimg 0.0      time 25m 46s      sec/tick 191.6   sec/kimg 23943.96 maintenance 1354.3 gpumem 3.7   augment 0.000
=====================================
 save_image_grid 
images.shape
(60, 1, 160, 192, 224)
========================================
create_3d_image_grid: grid_size
========================================
(10, 6)
========================================
create_3d_image_grid: grid_w
========================================
10
========================================
create_3d_image_grid: grid_h
========================================
6
========================================
create_3d_image_grid: image.shape
========================================
(60, 1, 160, 192, 224)
===============================
image.ndim
===============================
2
===============================
image.shape
===============================
(1152, 2240)
===============================
img_d
===============================
160
Evaluating metrics...
===========================================
G_synthesis
resolution : 
128
===========================================
===========================================
G_synthesis
resolution : 
128
===========================================
===========================================
G_synthesis
resolution : 
128
===========================================
============================
FID Legacy fake images
Tensor("Gs_2/images_out:0", shape=(8, 1, 160, 192, 224), dtype=float32, device=/device:GPU:0)
(8, 1, 160, 192, 224)
============================
===========================================
G_synthesis
resolution : 
128
===========================================
===========================================
G_synthesis
resolution : 
128
===========================================
===========================================
G_synthesis
resolution : 
128
===========================================
============================
FID Legacy fake images
Tensor("Gs_4/images_out:0", shape=(8, 1, 160, 192, 224), dtype=float32, device=/device:GPU:1)
(8, 1, 160, 192, 224)
============================
===========================================
G_synthesis
resolution : 
128
===========================================
===========================================
G_synthesis
resolution : 
128
===========================================
===========================================
G_synthesis
resolution : 
128
===========================================
============================
FID Legacy fake images
Tensor("Gs_6/images_out:0", shape=(8, 1, 160, 192, 224), dtype=float32, device=/device:GPU:2)
(8, 1, 160, 192, 224)
============================
===========================================
G_synthesis
resolution : 
128
===========================================
===========================================
G_synthesis
resolution : 
128
===========================================
===========================================
G_synthesis
resolution : 
128
===========================================
============================
FID Legacy fake images
Tensor("Gs_8/images_out:0", shape=(8, 1, 160, 192, 224), dtype=float32, device=/device:GPU:3)
(8, 1, 160, 192, 224)
============================
network-snapshot-000000        time 7m 39s       fid50k_3d 580.5704
tick 1     kimg 4.0      time 3h 16m 32s   sec/tick 9588.3  sec/kimg 2397.07 maintenance 657.9  gpumem 3.9   augment 0.000
=====================================
 save_image_grid 
images.shape
(60, 1, 160, 192, 224)
========================================
create_3d_image_grid: grid_size
========================================
(10, 6)
========================================
create_3d_image_grid: grid_w
========================================
10
========================================
create_3d_image_grid: grid_h
========================================
6
========================================
create_3d_image_grid: image.shape
========================================
(60, 1, 160, 192, 224)
===============================
image.ndim
===============================
2
===============================
image.shape
===============================
(1152, 2240)
===============================
img_d
===============================
160
Evaluating metrics...
===========================================
G_synthesis
resolution : 
128
===========================================
===========================================
G_synthesis
resolution : 
128
===========================================
===========================================
G_synthesis
resolution : 
128
===========================================
============================
FID Legacy fake images
Tensor("Gs_2/images_out:0", shape=(8, 1, 160, 192, 224), dtype=float32, device=/device:GPU:0)
(8, 1, 160, 192, 224)
============================
===========================================
G_synthesis
resolution : 
128
===========================================
===========================================
G_synthesis
resolution : 
128
===========================================
===========================================
G_synthesis
resolution : 
128
===========================================
============================
FID Legacy fake images
Tensor("Gs_4/images_out:0", shape=(8, 1, 160, 192, 224), dtype=float32, device=/device:GPU:1)
(8, 1, 160, 192, 224)
============================
===========================================
G_synthesis
resolution : 
128
===========================================
===========================================
G_synthesis
resolution : 
128
===========================================
===========================================
G_synthesis
resolution : 
128
===========================================
============================
FID Legacy fake images
Tensor("Gs_6/images_out:0", shape=(8, 1, 160, 192, 224), dtype=float32, device=/device:GPU:2)
(8, 1, 160, 192, 224)
============================
===========================================
G_synthesis
resolution : 
128
===========================================
===========================================
G_synthesis
resolution : 
128
===========================================
===========================================
G_synthesis
resolution : 
128
===========================================
============================
FID Legacy fake images
Tensor("Gs_8/images_out:0", shape=(8, 1, 160, 192, 224), dtype=float32, device=/device:GPU:3)
(8, 1, 160, 192, 224)
============================
network-snapshot-000004        time 7m 46s       fid50k_3d 585.0975
tick 2     kimg 8.0      time 5h 52m 02s   sec/tick 8823.0  sec/kimg 2205.75 maintenance 507.4  gpumem 3.9   augment 0.000
=====================================
 save_image_grid 
images.shape
(60, 1, 160, 192, 224)
========================================
create_3d_image_grid: grid_size
========================================
(10, 6)
========================================
create_3d_image_grid: grid_w
========================================
10
========================================
create_3d_image_grid: grid_h
========================================
6
========================================
create_3d_image_grid: image.shape
========================================
(60, 1, 160, 192, 224)
===============================
image.ndim
===============================
2
===============================
image.shape
===============================
(1152, 2240)
===============================
img_d
===============================
160
Evaluating metrics...
===========================================
G_synthesis
resolution : 
128
===========================================
===========================================
G_synthesis
resolution : 
128
===========================================
===========================================
G_synthesis
resolution : 
128
===========================================
============================
FID Legacy fake images
Tensor("Gs_2/images_out:0", shape=(8, 1, 160, 192, 224), dtype=float32, device=/device:GPU:0)
(8, 1, 160, 192, 224)
============================
===========================================
G_synthesis
resolution : 
128
===========================================
===========================================
G_synthesis
resolution : 
128
===========================================
===========================================
G_synthesis
resolution : 
128
===========================================
============================
FID Legacy fake images
Tensor("Gs_4/images_out:0", shape=(8, 1, 160, 192, 224), dtype=float32, device=/device:GPU:1)
(8, 1, 160, 192, 224)
============================
===========================================
G_synthesis
resolution : 
128
===========================================
===========================================
G_synthesis
resolution : 
128
===========================================
===========================================
G_synthesis
resolution : 
128
===========================================
============================
FID Legacy fake images
Tensor("Gs_6/images_out:0", shape=(8, 1, 160, 192, 224), dtype=float32, device=/device:GPU:2)
(8, 1, 160, 192, 224)
============================
===========================================
G_synthesis
resolution : 
128
===========================================
===========================================
G_synthesis
resolution : 
128
===========================================
===========================================
G_synthesis
resolution : 
128
===========================================
============================
FID Legacy fake images
Tensor("Gs_8/images_out:0", shape=(8, 1, 160, 192, 224), dtype=float32, device=/device:GPU:3)
(8, 1, 160, 192, 224)
============================
network-snapshot-000008        time 6m 20s       fid50k_3d 556.9266
tick 3     kimg 12.0     time 8h 33m 35s   sec/tick 9269.9  sec/kimg 2317.47 maintenance 422.5  gpumem 3.9   augment 0.000
=====================================
 save_image_grid 
images.shape
(60, 1, 160, 192, 224)
========================================
create_3d_image_grid: grid_size
========================================
(10, 6)
========================================
create_3d_image_grid: grid_w
========================================
10
========================================
create_3d_image_grid: grid_h
========================================
6
========================================
create_3d_image_grid: image.shape
========================================
(60, 1, 160, 192, 224)
===============================
image.ndim
===============================
2
===============================
image.shape
===============================
(1152, 2240)
===============================
img_d
===============================
160
Evaluating metrics...
===========================================
G_synthesis
resolution : 
128
===========================================
===========================================
G_synthesis
resolution : 
128
===========================================
===========================================
G_synthesis
resolution : 
128
===========================================
============================
FID Legacy fake images
Tensor("Gs_2/images_out:0", shape=(8, 1, 160, 192, 224), dtype=float32, device=/device:GPU:0)
(8, 1, 160, 192, 224)
============================
===========================================
G_synthesis
resolution : 
128
===========================================
===========================================
G_synthesis
resolution : 
128
===========================================
===========================================
G_synthesis
resolution : 
128
===========================================
============================
FID Legacy fake images
Tensor("Gs_4/images_out:0", shape=(8, 1, 160, 192, 224), dtype=float32, device=/device:GPU:1)
(8, 1, 160, 192, 224)
============================
===========================================
G_synthesis
resolution : 
128
===========================================
===========================================
G_synthesis
resolution : 
128
===========================================
===========================================
G_synthesis
resolution : 
128
===========================================
============================
FID Legacy fake images
Tensor("Gs_6/images_out:0", shape=(8, 1, 160, 192, 224), dtype=float32, device=/device:GPU:2)
(8, 1, 160, 192, 224)
============================
===========================================
G_synthesis
resolution : 
128
===========================================
===========================================
G_synthesis
resolution : 
128
===========================================
===========================================
G_synthesis
resolution : 
128
===========================================
============================
FID Legacy fake images
Tensor("Gs_8/images_out:0", shape=(8, 1, 160, 192, 224), dtype=float32, device=/device:GPU:3)
(8, 1, 160, 192, 224)
============================
network-snapshot-000012        time 6m 16s       fid50k_3d 524.5255
tick 4     kimg 16.0     time 10h 47m 22s  sec/tick 7613.1  sec/kimg 1903.26 maintenance 414.6  gpumem 3.9   augment 0.000
=====================================
 save_image_grid 
images.shape
(60, 1, 160, 192, 224)
========================================
create_3d_image_grid: grid_size
========================================
(10, 6)
========================================
create_3d_image_grid: grid_w
========================================
10
========================================
create_3d_image_grid: grid_h
========================================
6
========================================
create_3d_image_grid: image.shape
========================================
(60, 1, 160, 192, 224)
===============================
image.ndim
===============================
2
===============================
image.shape
===============================
(1152, 2240)
===============================
img_d
===============================
160
Evaluating metrics...
===========================================
G_synthesis
resolution : 
128
===========================================
===========================================
G_synthesis
resolution : 
128
===========================================
===========================================
G_synthesis
resolution : 
128
===========================================
============================
FID Legacy fake images
Tensor("Gs_2/images_out:0", shape=(8, 1, 160, 192, 224), dtype=float32, device=/device:GPU:0)
(8, 1, 160, 192, 224)
============================
===========================================
G_synthesis
resolution : 
128
===========================================
===========================================
G_synthesis
resolution : 
128
===========================================
===========================================
G_synthesis
resolution : 
128
===========================================
============================
FID Legacy fake images
Tensor("Gs_4/images_out:0", shape=(8, 1, 160, 192, 224), dtype=float32, device=/device:GPU:1)
(8, 1, 160, 192, 224)
============================
===========================================
G_synthesis
resolution : 
128
===========================================
===========================================
G_synthesis
resolution : 
128
===========================================
===========================================
G_synthesis
resolution : 
128
===========================================
============================
FID Legacy fake images
Tensor("Gs_6/images_out:0", shape=(8, 1, 160, 192, 224), dtype=float32, device=/device:GPU:2)
(8, 1, 160, 192, 224)
============================
===========================================
G_synthesis
resolution : 
128
===========================================
===========================================
G_synthesis
resolution : 
128
===========================================
===========================================
G_synthesis
resolution : 
128
===========================================
============================
FID Legacy fake images
Tensor("Gs_8/images_out:0", shape=(8, 1, 160, 192, 224), dtype=float32, device=/device:GPU:3)
(8, 1, 160, 192, 224)
============================
network-snapshot-000016        time 6m 00s       fid50k_3d 492.7881
tick 5     kimg 20.0     time 12h 03m 45s  sec/tick 4197.9  sec/kimg 1049.49 maintenance 384.5  gpumem 3.9   augment 0.000
=====================================
 save_image_grid 
images.shape
(60, 1, 160, 192, 224)
========================================
create_3d_image_grid: grid_size
========================================
(10, 6)
========================================
create_3d_image_grid: grid_w
========================================
10
========================================
create_3d_image_grid: grid_h
========================================
6
========================================
create_3d_image_grid: image.shape
========================================
(60, 1, 160, 192, 224)
===============================
image.ndim
===============================
2
===============================
image.shape
===============================
(1152, 2240)
===============================
img_d
===============================
160
Evaluating metrics...
===========================================
G_synthesis
resolution : 
128
===========================================
===========================================
G_synthesis
resolution : 
128
===========================================
===========================================
G_synthesis
resolution : 
128
===========================================
============================
FID Legacy fake images
Tensor("Gs_2/images_out:0", shape=(8, 1, 160, 192, 224), dtype=float32, device=/device:GPU:0)
(8, 1, 160, 192, 224)
============================
===========================================
G_synthesis
resolution : 
128
===========================================
===========================================
G_synthesis
resolution : 
128
===========================================
===========================================
G_synthesis
resolution : 
128
===========================================
============================
FID Legacy fake images
Tensor("Gs_4/images_out:0", shape=(8, 1, 160, 192, 224), dtype=float32, device=/device:GPU:1)
(8, 1, 160, 192, 224)
============================
===========================================
G_synthesis
resolution : 
128
===========================================
===========================================
G_synthesis
resolution : 
128
===========================================
===========================================
G_synthesis
resolution : 
128
===========================================
============================
FID Legacy fake images
Tensor("Gs_6/images_out:0", shape=(8, 1, 160, 192, 224), dtype=float32, device=/device:GPU:2)
(8, 1, 160, 192, 224)
============================
===========================================
G_synthesis
resolution : 
128
===========================================
===========================================
G_synthesis
resolution : 
128
===========================================
===========================================
G_synthesis
resolution : 
128
===========================================
============================
FID Legacy fake images
Tensor("Gs_8/images_out:0", shape=(8, 1, 160, 192, 224), dtype=float32, device=/device:GPU:3)
(8, 1, 160, 192, 224)
============================
network-snapshot-000020        time 6m 22s       fid50k_3d 489.7886
tick 6     kimg 24.0     time 13h 19m 46s  sec/tick 4155.4  sec/kimg 1038.85 maintenance 405.3  gpumem 3.9   augment 0.000
=====================================
 save_image_grid 
images.shape
(60, 1, 160, 192, 224)
========================================
create_3d_image_grid: grid_size
========================================
(10, 6)
========================================
create_3d_image_grid: grid_w
========================================
10
========================================
create_3d_image_grid: grid_h
========================================
6
========================================
create_3d_image_grid: image.shape
========================================
(60, 1, 160, 192, 224)
===============================
image.ndim
===============================
2
===============================
image.shape
===============================
(1152, 2240)
===============================
img_d
===============================
160
Evaluating metrics...
===========================================
G_synthesis
resolution : 
128
===========================================
===========================================
G_synthesis
resolution : 
128
===========================================
===========================================
G_synthesis
resolution : 
128
===========================================
============================
FID Legacy fake images
Tensor("Gs_2/images_out:0", shape=(8, 1, 160, 192, 224), dtype=float32, device=/device:GPU:0)
(8, 1, 160, 192, 224)
============================
===========================================
G_synthesis
resolution : 
128
===========================================
===========================================
G_synthesis
resolution : 
128
===========================================
===========================================
G_synthesis
resolution : 
128
===========================================
============================
FID Legacy fake images
Tensor("Gs_4/images_out:0", shape=(8, 1, 160, 192, 224), dtype=float32, device=/device:GPU:1)
(8, 1, 160, 192, 224)
============================
===========================================
G_synthesis
resolution : 
128
===========================================
===========================================
G_synthesis
resolution : 
128
===========================================
===========================================
G_synthesis
resolution : 
128
===========================================
============================
FID Legacy fake images
Tensor("Gs_6/images_out:0", shape=(8, 1, 160, 192, 224), dtype=float32, device=/device:GPU:2)
(8, 1, 160, 192, 224)
============================
===========================================
G_synthesis
resolution : 
128
===========================================
===========================================
G_synthesis
resolution : 
128
===========================================
===========================================
G_synthesis
resolution : 
128
===========================================
============================
FID Legacy fake images
Tensor("Gs_8/images_out:0", shape=(8, 1, 160, 192, 224), dtype=float32, device=/device:GPU:3)
(8, 1, 160, 192, 224)
============================
network-snapshot-000024        time 6m 23s       fid50k_3d 487.9484
tick 7     kimg 28.0     time 14h 35m 47s  sec/tick 4157.6  sec/kimg 1039.40 maintenance 403.8  gpumem 3.9   augment 0.000
=====================================
 save_image_grid 
images.shape
(60, 1, 160, 192, 224)
========================================
create_3d_image_grid: grid_size
========================================
(10, 6)
========================================
create_3d_image_grid: grid_w
========================================
10
========================================
create_3d_image_grid: grid_h
========================================
6
========================================
create_3d_image_grid: image.shape
========================================
(60, 1, 160, 192, 224)
===============================
image.ndim
===============================
2
===============================
image.shape
===============================
(1152, 2240)
===============================
img_d
===============================
160
Evaluating metrics...
===========================================
G_synthesis
resolution : 
128
===========================================
===========================================
G_synthesis
resolution : 
128
===========================================
===========================================
G_synthesis
resolution : 
128
===========================================
============================
FID Legacy fake images
Tensor("Gs_2/images_out:0", shape=(8, 1, 160, 192, 224), dtype=float32, device=/device:GPU:0)
(8, 1, 160, 192, 224)
============================
===========================================
G_synthesis
resolution : 
128
===========================================
===========================================
G_synthesis
resolution : 
128
===========================================
===========================================
G_synthesis
resolution : 
128
===========================================
============================
FID Legacy fake images
Tensor("Gs_4/images_out:0", shape=(8, 1, 160, 192, 224), dtype=float32, device=/device:GPU:1)
(8, 1, 160, 192, 224)
============================
===========================================
G_synthesis
resolution : 
128
===========================================
===========================================
G_synthesis
resolution : 
128
===========================================
===========================================
G_synthesis
resolution : 
128
===========================================
============================
FID Legacy fake images
Tensor("Gs_6/images_out:0", shape=(8, 1, 160, 192, 224), dtype=float32, device=/device:GPU:2)
(8, 1, 160, 192, 224)
============================
===========================================
G_synthesis
resolution : 
128
===========================================
===========================================
G_synthesis
resolution : 
128
===========================================
===========================================
G_synthesis
resolution : 
128
===========================================
============================
FID Legacy fake images
Tensor("Gs_8/images_out:0", shape=(8, 1, 160, 192, 224), dtype=float32, device=/device:GPU:3)
(8, 1, 160, 192, 224)
============================
network-snapshot-000028        time 6m 22s       fid50k_3d 484.3565
tick 8     kimg 32.0     time 15h 51m 56s  sec/tick 4166.0  sec/kimg 1041.49 maintenance 403.2  gpumem 3.9   augment 0.000
=====================================
 save_image_grid 
images.shape
(60, 1, 160, 192, 224)
========================================
create_3d_image_grid: grid_size
========================================
(10, 6)
========================================
create_3d_image_grid: grid_w
========================================
10
========================================
create_3d_image_grid: grid_h
========================================
6
========================================
create_3d_image_grid: image.shape
========================================
(60, 1, 160, 192, 224)
===============================
image.ndim
===============================
2
===============================
image.shape
===============================
(1152, 2240)
===============================
img_d
===============================
160
Evaluating metrics...
===========================================
G_synthesis
resolution : 
128
===========================================
===========================================
G_synthesis
resolution : 
128
===========================================
===========================================
G_synthesis
resolution : 
128
===========================================
============================
FID Legacy fake images
Tensor("Gs_2/images_out:0", shape=(8, 1, 160, 192, 224), dtype=float32, device=/device:GPU:0)
(8, 1, 160, 192, 224)
============================
===========================================
G_synthesis
resolution : 
128
===========================================
===========================================
G_synthesis
resolution : 
128
===========================================
===========================================
G_synthesis
resolution : 
128
===========================================
============================
FID Legacy fake images
Tensor("Gs_4/images_out:0", shape=(8, 1, 160, 192, 224), dtype=float32, device=/device:GPU:1)
(8, 1, 160, 192, 224)
============================
===========================================
G_synthesis
resolution : 
128
===========================================
===========================================
G_synthesis
resolution : 
128
===========================================
===========================================
G_synthesis
resolution : 
128
===========================================
============================
FID Legacy fake images
Tensor("Gs_6/images_out:0", shape=(8, 1, 160, 192, 224), dtype=float32, device=/device:GPU:2)
(8, 1, 160, 192, 224)
============================
===========================================
G_synthesis
resolution : 
128
===========================================
===========================================
G_synthesis
resolution : 
128
===========================================
===========================================
G_synthesis
resolution : 
128
===========================================
============================
FID Legacy fake images
Tensor("Gs_8/images_out:0", shape=(8, 1, 160, 192, 224), dtype=float32, device=/device:GPU:3)
(8, 1, 160, 192, 224)
============================
network-snapshot-000032        time 6m 17s       fid50k_3d 468.7101
tick 9     kimg 36.0     time 17h 07m 56s  sec/tick 4160.0  sec/kimg 1040.00 maintenance 399.5  gpumem 3.9   augment 0.000
=====================================
 save_image_grid 
images.shape
(60, 1, 160, 192, 224)
========================================
create_3d_image_grid: grid_size
========================================
(10, 6)
========================================
create_3d_image_grid: grid_w
========================================
10
========================================
create_3d_image_grid: grid_h
========================================
6
========================================
create_3d_image_grid: image.shape
========================================
(60, 1, 160, 192, 224)
===============================
image.ndim
===============================
2
===============================
image.shape
===============================
(1152, 2240)
===============================
img_d
===============================
160
Evaluating metrics...
===========================================
G_synthesis
resolution : 
128
===========================================
===========================================
G_synthesis
resolution : 
128
===========================================
===========================================
G_synthesis
resolution : 
128
===========================================
============================
FID Legacy fake images
Tensor("Gs_2/images_out:0", shape=(8, 1, 160, 192, 224), dtype=float32, device=/device:GPU:0)
(8, 1, 160, 192, 224)
============================
===========================================
G_synthesis
resolution : 
128
===========================================
===========================================
G_synthesis
resolution : 
128
===========================================
===========================================
G_synthesis
resolution : 
128
===========================================
============================
FID Legacy fake images
Tensor("Gs_4/images_out:0", shape=(8, 1, 160, 192, 224), dtype=float32, device=/device:GPU:1)
(8, 1, 160, 192, 224)
============================
===========================================
G_synthesis
resolution : 
128
===========================================
===========================================
G_synthesis
resolution : 
128
===========================================
===========================================
G_synthesis
resolution : 
128
===========================================
============================
FID Legacy fake images
Tensor("Gs_6/images_out:0", shape=(8, 1, 160, 192, 224), dtype=float32, device=/device:GPU:2)
(8, 1, 160, 192, 224)
============================
===========================================
G_synthesis
resolution : 
128
===========================================
===========================================
G_synthesis
resolution : 
128
===========================================
===========================================
G_synthesis
resolution : 
128
===========================================
============================
FID Legacy fake images
Tensor("Gs_8/images_out:0", shape=(8, 1, 160, 192, 224), dtype=float32, device=/device:GPU:3)
(8, 1, 160, 192, 224)
============================
network-snapshot-000036        time 6m 17s       fid50k_3d 445.2316
srun: Job step aborted: Waiting up to 32 seconds for job step to finish.
srun: got SIGCONT
slurmstepd-malt: error: *** STEP 50079.0 ON malt CANCELLED AT 2021-02-16T11:06:31 ***
slurmstepd-malt: error: *** JOB 50079 ON malt CANCELLED AT 2021-02-16T11:06:31 ***
srun: forcing job termination
